<?xml version="1.0" encoding="UTF-8"?>
<testng-results skipped="0" failed="0" ignored="0" total="1" passed="1">
  <reporter-output>
  </reporter-output>
  <suite name="Default suite" duration-ms="10237" started-at="2018-03-25T05:18:51Z" finished-at="2018-03-25T05:19:01Z">
    <groups>
    </groups>
    <test name="Default test" duration-ms="10237" started-at="2018-03-25T05:18:51Z" finished-at="2018-03-25T05:19:01Z">
      <class name="testScript.Rediff_Login">
        <test-method status="PASS" signature="login()[pri:0, instance:testScript.Rediff_Login@6f7fd0e6]" name="login" duration-ms="10203" started-at="2018-03-25T05:18:51Z" finished-at="2018-03-25T05:19:01Z">
          <reporter-output>
          </reporter-output>
        </test-method> <!-- login -->
      </class> <!-- testScript.Rediff_Login -->
    </test> <!-- Default test -->
  </suite> <!-- Default suite -->
</testng-results>
